c:\users\r2o\downloads\1 (1)\1\1\ricochet-rust\x64\release\overlay.obj
c:\users\r2o\downloads\1 (1)\1\1\ricochet-rust\x64\release\sdk.obj
c:\users\r2o\downloads\1 (1)\1\1\ricochet-rust\x64\release\communication.obj
c:\users\r2o\downloads\1 (1)\1\1\ricochet-rust\x64\release\imgui_draw.obj
c:\users\r2o\downloads\1 (1)\1\1\ricochet-rust\x64\release\unity.obj
c:\users\r2o\downloads\1 (1)\1\1\ricochet-rust\x64\release\aimbot.obj
c:\users\r2o\downloads\1 (1)\1\1\ricochet-rust\x64\release\misc.obj
c:\users\r2o\downloads\1 (1)\1\1\ricochet-rust\x64\release\math.obj
c:\users\r2o\downloads\1 (1)\1\1\ricochet-rust\x64\release\object_loop.obj
c:\users\r2o\downloads\1 (1)\1\1\ricochet-rust\x64\release\item.obj
c:\users\r2o\downloads\1 (1)\1\1\ricochet-rust\x64\release\imgui_widgets.obj
c:\users\r2o\downloads\1 (1)\1\1\ricochet-rust\x64\release\imgui_impl_win32.obj
c:\users\r2o\downloads\1 (1)\1\1\ricochet-rust\x64\release\steam.obj
c:\users\r2o\downloads\1 (1)\1\1\ricochet-rust\x64\release\imgui_impl_dx11.obj
c:\users\r2o\downloads\1 (1)\1\1\ricochet-rust\x64\release\main.obj
c:\users\r2o\downloads\1 (1)\1\1\ricochet-rust\x64\release\esp.obj
c:\users\r2o\downloads\1 (1)\1\1\ricochet-rust\x64\release\baseplayer.obj
c:\users\r2o\downloads\1 (1)\1\1\ricochet-rust\x64\release\imgui.obj
c:\users\r2o\downloads\1 (1)\1\1\ricochet-rust\x64\release\include.obj
c:\users\r2o\downloads\1 (1)\1\1\ricochet-rust\x64\release\syscall.obj
c:\users\r2o\downloads\1 (1)\1\1\ricochet-rust\x64\release\ricochet-rust.tlog\cl.11640.write.1.tlog
c:\users\r2o\downloads\1 (1)\1\1\ricochet-rust\x64\release\ricochet-rust.tlog\cl.command.1.tlog
c:\users\r2o\downloads\1 (1)\1\1\ricochet-rust\x64\release\ricochet-rust.tlog\cl.read.1.tlog
c:\users\r2o\downloads\1 (1)\1\1\ricochet-rust\x64\release\ricochet-rust.tlog\link-cvtres.read.1.tlog
c:\users\r2o\downloads\1 (1)\1\1\ricochet-rust\x64\release\ricochet-rust.tlog\link-cvtres.write.1.tlog
c:\users\r2o\downloads\1 (1)\1\1\ricochet-rust\x64\release\ricochet-rust.tlog\link-rc.read.1.tlog
c:\users\r2o\downloads\1 (1)\1\1\ricochet-rust\x64\release\ricochet-rust.tlog\link-rc.write.1.tlog
c:\users\r2o\downloads\1 (1)\1\1\ricochet-rust\x64\release\ricochet-rust.tlog\link.command.1.tlog
c:\users\r2o\downloads\1 (1)\1\1\ricochet-rust\x64\release\ricochet-rust.tlog\link.read.1.tlog
c:\users\r2o\downloads\1 (1)\1\1\ricochet-rust\x64\release\ricochet-rust.tlog\link.write.1.tlog
c:\users\r2o\downloads\1 (1)\1\1\ricochet-rust\x64\release\ricochet-rust.tlog\masm.read.1u.tlog
c:\users\r2o\downloads\1 (1)\1\1\ricochet-rust\x64\release\ricochet-rust.tlog\masm.write.1u.tlog
